{
  "RSpec": {
    "coverage": {
      "/home/gabriel/Desktop/Códigos/rails/inkitt/inkitt/spec/models/quiz_spec.rb": [
        1,
        null,
        1,
        6,
        null,
        1,
        1,
        1,
        null,
        null,
        null,
        null,
        1,
        1,
        null,
        null,
        1,
        1,
        1,
        null,
        null,
        null,
        null,
        1,
        1,
        null,
        null,
        null,
        1,
        1,
        1,
        1,
        1,
        null,
        null,
        null,
        1,
        1,
        1,
        1,
        1,
        null,
        null,
        null,
        1,
        1,
        1,
        1,
        1,
        null,
        null,
        null
      ],
      "/home/gabriel/Desktop/Códigos/rails/inkitt/inkitt/spec/rails_helper.rb": [
        null,
        1,
        1,
        1,
        null,
        1,
        1,
        null,
        null,
        null,
        null,
        null,
        null,
        null,
        null,
        null,
        null,
        null,
        null,
        null,
        null,
        null,
        null,
        null,
        null,
        null,
        1,
        null,
        1,
        null,
        1,
        null,
        null,
        null,
        null,
        1,
        null,
        null,
        null,
        null,
        null,
        null,
        null,
        null,
        null,
        null,
        null,
        null,
        null,
        null,
        1,
        null,
        null,
        1,
        null,
        null,
        null
      ],
      "/home/gabriel/Desktop/Códigos/rails/inkitt/inkitt/config/environment.rb": [
        null,
        1,
        null,
        null,
        1
      ],
      "/home/gabriel/Desktop/Códigos/rails/inkitt/inkitt/config/application.rb": [
        1,
        null,
        1,
        null,
        null,
        null,
        1,
        null,
        1,
        1,
        null,
        null,
        null,
        null,
        null
      ],
      "/home/gabriel/Desktop/Códigos/rails/inkitt/inkitt/config/boot.rb": [
        1,
        null,
        1
      ],
      "/home/gabriel/Desktop/Códigos/rails/inkitt/inkitt/config/environments/test.rb": [
        1,
        null,
        null,
        null,
        null,
        null,
        null,
        1,
        null,
        null,
        null,
        null,
        1,
        null,
        null,
        1,
        1,
        null,
        null,
        null,
        null,
        1,
        1,
        null,
        null,
        1,
        null,
        null,
        1,
        1,
        null,
        null,
        null,
        null,
        1,
        null,
        null,
        1,
        null,
        null,
        null,
        null
      ],
      "/home/gabriel/Desktop/Códigos/rails/inkitt/inkitt/config/initializers/application_controller_renderer.rb": [
        null,
        null,
        null,
        null,
        null,
        null,
        null,
        null
      ],
      "/home/gabriel/Desktop/Códigos/rails/inkitt/inkitt/config/initializers/assets.rb": [
        null,
        null,
        null,
        1,
        null,
        null,
        null,
        null,
        null,
        null,
        null
      ],
      "/home/gabriel/Desktop/Códigos/rails/inkitt/inkitt/config/initializers/backtrace_silencers.rb": [
        null,
        null,
        null,
        null,
        null,
        null,
        null
      ],
      "/home/gabriel/Desktop/Códigos/rails/inkitt/inkitt/config/initializers/cookies_serializer.rb": [
        null,
        null,
        null,
        null,
        1
      ],
      "/home/gabriel/Desktop/Códigos/rails/inkitt/inkitt/config/initializers/filter_parameter_logging.rb": [
        null,
        null,
        null,
        1
      ],
      "/home/gabriel/Desktop/Códigos/rails/inkitt/inkitt/config/initializers/inflections.rb": [
        null,
        null,
        null,
        null,
        null,
        null,
        null,
        null,
        null,
        null,
        null,
        null,
        null,
        null,
        null,
        null
      ],
      "/home/gabriel/Desktop/Códigos/rails/inkitt/inkitt/config/initializers/mime_types.rb": [
        null,
        null,
        null,
        null
      ],
      "/home/gabriel/Desktop/Códigos/rails/inkitt/inkitt/config/initializers/new_framework_defaults.rb": [
        null,
        null,
        null,
        null,
        null,
        null,
        1,
        null,
        null,
        1,
        null,
        null,
        1,
        null,
        null,
        null,
        1,
        null,
        null,
        1,
        null,
        null,
        1,
        null,
        null,
        1
      ],
      "/home/gabriel/Desktop/Códigos/rails/inkitt/inkitt/config/initializers/session_store.rb": [
        null,
        null,
        1
      ],
      "/home/gabriel/Desktop/Códigos/rails/inkitt/inkitt/config/initializers/wrap_parameters.rb": [
        null,
        null,
        null,
        null,
        null,
        null,
        1,
        2,
        null,
        null,
        null,
        null,
        null,
        null
      ],
      "/home/gabriel/Desktop/Códigos/rails/inkitt/inkitt/spec/factories/quizzes.rb": [
        1,
        1,
        1,
        1,
        1,
        1,
        1,
        1,
        null,
        null
      ],
      "/home/gabriel/Desktop/Códigos/rails/inkitt/inkitt/config/routes.rb": [
        1,
        1,
        null,
        1,
        null,
        1,
        null,
        1,
        null,
        1,
        null,
        1,
        null,
        1,
        null,
        1,
        null,
        1,
        null
      ],
      "/home/gabriel/Desktop/Códigos/rails/inkitt/inkitt/app/helpers/application_helper.rb": [
        1,
        null
      ],
      "/home/gabriel/Desktop/Códigos/rails/inkitt/inkitt/app/helpers/home_helper.rb": [
        1,
        null
      ],
      "/home/gabriel/Desktop/Códigos/rails/inkitt/inkitt/app/helpers/quiz_helper.rb": [
        1,
        null
      ],
      "/home/gabriel/Desktop/Códigos/rails/inkitt/inkitt/app/models/quiz.rb": [
        1,
        1,
        2,
        2,
        2,
        2,
        null,
        2,
        2,
        null,
        null,
        1,
        3,
        3,
        3,
        3,
        3,
        3,
        3,
        null,
        3,
        null,
        null,
        1,
        5,
        5,
        5,
        5,
        5,
        2,
        null,
        3,
        null,
        0,
        null,
        5,
        5,
        null,
        5,
        null,
        null,
        1,
        5,
        5,
        5,
        5,
        5,
        3,
        null,
        2,
        null,
        0,
        null,
        0,
        null,
        5,
        5,
        null,
        5,
        null,
        null
      ],
      "/home/gabriel/Desktop/Códigos/rails/inkitt/inkitt/app/models/application_record.rb": [
        1,
        1,
        null
      ]
    },
    "timestamp": 1507938945
  }
}
